<?xml version="1.0" encoding="UTF-8"?>
<!-- Generated by org.testng.reporters.JUnitXMLReporter -->
<testsuite hostname="cizquierdo.local" name="Command line test" tests="4" failures="0" timestamp="4 Apr 2019 17:22:21 GMT" time="12.828" errors="0">
  <testcase name="validLoginTest" time="1.589" classname="tests.LoginTest"/>
  <testcase name="invalidLoginTest" time="1.363" classname="tests.LoginTest"/>
  <testcase name="invalidLoginTest" time="1.283" classname="tests.LoginTest"/>
  <testcase name="invalidLoginTest" time="1.43" classname="tests.LoginTest"/>
</testsuite> <!-- Command line test -->
