<?xml version="1.0" encoding="UTF-8"?>
<testng-results skipped="0" failed="0" total="4" passed="4">
  <reporter-output>
  </reporter-output>
  <suite name="Command line suite" duration-ms="12828" started-at="2019-04-04T17:22:08Z" finished-at="2019-04-04T17:22:21Z">
    <groups>
    </groups>
    <test name="Command line test" duration-ms="12828" started-at="2019-04-04T17:22:08Z" finished-at="2019-04-04T17:22:21Z">
      <class name="tests.LoginTest">
        <test-method status="PASS" signature="setup()[pri:0, instance:tests.LoginTest@43a25848]" name="setup" is-config="true" duration-ms="2301" started-at="2019-04-04T14:22:08Z" finished-at="2019-04-04T14:22:10Z">
          <reporter-output>
          </reporter-output>
        </test-method> <!-- setup -->
        <test-method status="PASS" signature="validLoginTest(java.lang.String, java.lang.String)[pri:0, instance:tests.LoginTest@43a25848]" name="validLoginTest" duration-ms="1589" started-at="2019-04-04T14:22:10Z" data-provider="valid-accounts" finished-at="2019-04-04T14:22:12Z">
          <params>
            <param index="0">
              <value>
                <![CDATA[user]]>
              </value>
            </param>
            <param index="1">
              <value>
                <![CDATA[bitnami1]]>
              </value>
            </param>
          </params>
          <reporter-output>
          </reporter-output>
        </test-method> <!-- validLoginTest -->
        <test-method status="PASS" signature="teardown()[pri:0, instance:tests.LoginTest@43a25848]" name="teardown" is-config="true" duration-ms="92" started-at="2019-04-04T14:22:12Z" finished-at="2019-04-04T14:22:12Z">
          <reporter-output>
          </reporter-output>
        </test-method> <!-- teardown -->
        <test-method status="PASS" signature="setup()[pri:0, instance:tests.LoginTest@43a25848]" name="setup" is-config="true" duration-ms="1451" started-at="2019-04-04T14:22:12Z" finished-at="2019-04-04T14:22:13Z">
          <reporter-output>
          </reporter-output>
        </test-method> <!-- setup -->
        <test-method status="PASS" signature="invalidLoginTest(java.lang.String, java.lang.String)[pri:0, instance:tests.LoginTest@43a25848]" name="invalidLoginTest" duration-ms="1363" started-at="2019-04-04T14:22:13Z" data-provider="invalid-accounts" finished-at="2019-04-04T14:22:15Z">
          <params>
            <param index="0">
              <value>
                <![CDATA[user]]>
              </value>
            </param>
            <param index="1">
              <value>
                <![CDATA[]]>
              </value>
            </param>
          </params>
          <reporter-output>
          </reporter-output>
        </test-method> <!-- invalidLoginTest -->
        <test-method status="PASS" signature="teardown()[pri:0, instance:tests.LoginTest@43a25848]" name="teardown" is-config="true" duration-ms="89" started-at="2019-04-04T14:22:15Z" finished-at="2019-04-04T14:22:15Z">
          <reporter-output>
          </reporter-output>
        </test-method> <!-- teardown -->
        <test-method status="PASS" signature="setup()[pri:0, instance:tests.LoginTest@43a25848]" name="setup" is-config="true" duration-ms="1505" started-at="2019-04-04T14:22:15Z" finished-at="2019-04-04T14:22:16Z">
          <reporter-output>
          </reporter-output>
        </test-method> <!-- setup -->
        <test-method status="PASS" signature="invalidLoginTest(java.lang.String, java.lang.String)[pri:0, instance:tests.LoginTest@43a25848]" name="invalidLoginTest" duration-ms="1283" started-at="2019-04-04T14:22:16Z" data-provider="invalid-accounts" finished-at="2019-04-04T14:22:18Z">
          <params>
            <param index="0">
              <value>
                <![CDATA[]]>
              </value>
            </param>
            <param index="1">
              <value>
                <![CDATA[asd]]>
              </value>
            </param>
          </params>
          <reporter-output>
          </reporter-output>
        </test-method> <!-- invalidLoginTest -->
        <test-method status="PASS" signature="teardown()[pri:0, instance:tests.LoginTest@43a25848]" name="teardown" is-config="true" duration-ms="87" started-at="2019-04-04T14:22:18Z" finished-at="2019-04-04T14:22:18Z">
          <reporter-output>
          </reporter-output>
        </test-method> <!-- teardown -->
        <test-method status="PASS" signature="setup()[pri:0, instance:tests.LoginTest@43a25848]" name="setup" is-config="true" duration-ms="1531" started-at="2019-04-04T14:22:18Z" finished-at="2019-04-04T14:22:19Z">
          <reporter-output>
          </reporter-output>
        </test-method> <!-- setup -->
        <test-method status="PASS" signature="invalidLoginTest(java.lang.String, java.lang.String)[pri:0, instance:tests.LoginTest@43a25848]" name="invalidLoginTest" duration-ms="1430" started-at="2019-04-04T14:22:19Z" data-provider="invalid-accounts" finished-at="2019-04-04T14:22:21Z">
          <params>
            <param index="0">
              <value>
                <![CDATA[hola]]>
              </value>
            </param>
            <param index="1">
              <value>
                <![CDATA[chau]]>
              </value>
            </param>
          </params>
          <reporter-output>
          </reporter-output>
        </test-method> <!-- invalidLoginTest -->
        <test-method status="PASS" signature="teardown()[pri:0, instance:tests.LoginTest@43a25848]" name="teardown" is-config="true" duration-ms="88" started-at="2019-04-04T14:22:21Z" finished-at="2019-04-04T14:22:21Z">
          <reporter-output>
          </reporter-output>
        </test-method> <!-- teardown -->
      </class> <!-- tests.LoginTest -->
    </test> <!-- Command line test -->
  </suite> <!-- Command line suite -->
</testng-results>
